================================================================
======== txAdmin v8.0.1 atop fxserver 25770 Starting - 04.07.2026, 13:14:57
================================================================
[13:16:36] txAdmin: Logger started
[13:17:19] [hgiVk#1] Илюха винлайн: joined with identifiers [license:f019…e981, fivem:19337313, license2:f019…e981]
[13:27:08] txAdmin: Logger started
[13:29:36] txAdmin: Logger started
================================================================
======== txAdmin v8.0.1 atop fxserver 25770 Starting - 04.07.2026, 13:33:09
================================================================
[13:33:11] txAdmin: Logger started
================================================================
======== txAdmin v8.0.1 atop fxserver 25770 Starting - 04.07.2026, 13:35:22
================================================================
[13:35:24] txAdmin: Logger started
[13:53:19] txAdmin: Logger started
[13:53:35] [VQaf3#1] Илюха винлайн: joined with identifiers [license:f019…e981, fivem:19337313, license2:f019…e981]
[13:57:25] txAdmin: Logger started
[13:58:03] [WaNRn#1] Илюха винлайн: joined with identifiers [license:f019…e981, fivem:19337313, license2:f019…e981]
[13:58:48] [WaNRn#1] Илюха винлайн: died from suicide (Cougar)
================================================================
======== txAdmin v8.0.1 atop fxserver 25770 Starting - 04.07.2026, 14:10:45
================================================================
[14:10:50] txAdmin: Logger started
================================================================
======== txAdmin v8.0.1 atop fxserver 25770 Starting - 04.07.2026, 14:16:59
================================================================
[14:17:02] txAdmin: Logger started
================================================================
======== txAdmin v8.0.1 atop fxserver 25770 Starting - 04.07.2026, 14:18:59
================================================================
[14:19:02] txAdmin: Logger started
================================================================
======== txAdmin v8.0.1 atop fxserver 25770 Starting - 04.07.2026, 14:22:58
================================================================
[14:23:01] txAdmin: Logger started
================================================================
======== txAdmin v8.0.1 atop fxserver 25770 Starting - 04.07.2026, 14:24:41
================================================================
[14:24:44] txAdmin: Logger started
[14:27:59] [jtBbV#1] Илюха винлайн: joined with identifiers [license:f019…e981, fivem:19337313, license2:f019…e981]
[14:31:00] [jtBbV#1] Илюха винлайн: enabled noclip
[14:31:05] [jtBbV#1] Илюха винлайн: became mortal (standard mode)
[14:31:10] [jtBbV#1] Илюха винлайн: enabled noclip
[14:31:13] [jtBbV#1] Илюха винлайн: became mortal (standard mode)
[14:31:38] [jtBbV#1] Илюха винлайн: enabled noclip
[14:31:46] [jtBbV#1] Илюха винлайн: became mortal (standard mode)
[14:31:56] [jtBbV#1] Илюха винлайн: disconnected (Exiting)
[14:32:27] [jtBbV#2] Илюха винлайн: joined with identifiers [license:f019…e981, fivem:19337313, license2:f019…e981]
[14:34:23] txAdmin: Logger started
[14:34:41] [nFNCe#1] Илюха винлайн: joined with identifiers [license:f019…e981, discord:9178…7572, fivem:19337313, license2:f019…e981]
[14:42:16] [nFNCe#1] Илюха винлайн: repaired their vehicle
[14:42:16] [nFNCe#1] Илюха винлайн: healed themself
[14:42:28] [nFNCe#1] Илюха винлайн: repaired their vehicle
[14:42:28] [nFNCe#1] Илюха винлайн: healed themself
[14:43:45] [nFNCe#1] Илюха винлайн: died from suicide (Fist)
[14:43:57] [nFNCe#1] Илюха винлайн: healed themself
[14:55:12] txAdmin: Logger started
[14:55:32] [WWGYU#1] Илюха винлайн: joined with identifiers [license:f019…e981, discord:9178…7572, fivem:19337313, license2:f019…e981]
[14:56:35] [WWGYU#1] Илюха винлайн: disconnected (Disconnected.)
[14:57:02] [WWGYU#2] Илюха винлайн: joined with identifiers [license:f019…e981, discord:9178…7572, fivem:19337313, license2:f019…e981]
[14:59:10] [WWGYU#2] Илюха винлайн: repaired their vehicle
[14:59:10] [WWGYU#2] Илюха винлайн: healed themself
[14:59:56] [WWGYU#2] Илюха винлайн: healed themself
[15:05:03] [WWGYU#2] Илюха винлайн: enabled noclip
[15:05:08] [WWGYU#2] Илюха винлайн: became mortal (standard mode)
[15:05:18] [WWGYU#2] Илюха винлайн: disconnected (Disconnected.)
[15:05:42] txAdmin: Logger started
[15:25:11] txAdmin: Logger started
[15:31:47] txAdmin: Logger started
[15:32:12] [kwp7L#1] Илюха винлайн: joined with identifiers [license:f019…e981, discord:9178…7572, fivem:19337313, license2:f019…e981]
[15:33:10] [kwp7L#1] Илюха винлайн: enabled noclip
[15:33:13] [kwp7L#1] Илюха винлайн: became mortal (standard mode)
[15:35:54] [kwp7L#1] Илюха винлайн: enabled noclip
[15:35:55] [kwp7L#1] Илюха винлайн: became mortal (standard mode)
[15:39:08] [kwp7L#1] Илюха винлайн: disconnected (Disconnected.)
[15:39:36] [kwp7L#2] Илюха винлайн: joined with identifiers [license:f019…e981, discord:9178…7572, fivem:19337313, license2:f019…e981]
[15:41:50] [kwp7L#2] Илюха винлайн: disconnected (Disconnected.)
[15:42:21] [kwp7L#3] Илюха винлайн: joined with identifiers [license:f019…e981, discord:9178…7572, fivem:19337313, license2:f019…e981]
[15:51:37] [kwp7L#3] Илюха винлайн: disconnected (Disconnected.)
[15:53:28] [kwp7L#4] Илюха винлайн: joined with identifiers [license:f019…e981, discord:9178…7572, fivem:19337313, license2:f019…e981]
[15:54:39] [kwp7L#4] Илюха винлайн: enabled noclip
[15:54:43] [kwp7L#4] Илюха винлайн: became mortal (standard mode)
[15:55:23] [kwp7L#4] Илюха винлайн: enabled noclip
[15:55:25] [kwp7L#4] Илюха винлайн: became mortal (standard mode)
[16:00:05] [kwp7L#4] Илюха винлайн: enabled noclip
[16:00:06] [kwp7L#4] Илюха винлайн: became mortal (standard mode)
[16:00:07] [kwp7L#4] Илюха винлайн: enabled noclip
[16:00:08] [kwp7L#4] Илюха винлайн: became mortal (standard mode)
[16:01:01] [kwp7L#4] Илюха винлайн: repaired their vehicle
[16:01:01] [kwp7L#4] Илюха винлайн: healed themself
[16:01:10] [kwp7L#4] Илюха винлайн: repaired their vehicle
[16:01:10] [kwp7L#4] Илюха винлайн: healed themself
[16:01:12] [kwp7L#4] Илюха винлайн: repaired their vehicle
[16:01:12] [kwp7L#4] Илюха винлайн: healed themself
[16:01:17] [kwp7L#4] Илюха винлайн: repaired their vehicle
[16:01:17] [kwp7L#4] Илюха винлайн: healed themself
[16:02:36] [kwp7L#4] Илюха винлайн: died from suicide
[16:02:46] [kwp7L#4] Илюха винлайн: healed themself
[16:02:47] [kwp7L#4] Илюха винлайн: enabled noclip
[16:02:50] [kwp7L#4] Илюха винлайн: became mortal (standard mode)
[16:03:58] [kwp7L#4] Илюха винлайн: repaired their vehicle
[16:03:58] [kwp7L#4] Илюха винлайн: healed themself
================================================================
======== txAdmin v8.0.1 atop fxserver 25770 Starting - 04.07.2026, 16:23:09
================================================================
[16:23:14] txAdmin: Logger started
[16:27:02] [zLfcX#1] Илюха винлайн: joined with identifiers [license:f019…e981, discord:9178…7572, fivem:19337313, license2:f019…e981]
[16:27:52] [zLfcX#1] Илюха винлайн: healed themself
[16:32:29] [zLfcX#1] Илюха винлайн: repaired their vehicle
[16:32:29] [zLfcX#1] Илюха винлайн: healed themself
[16:32:45] [zLfcX#1] Илюха винлайн: repaired their vehicle
[16:32:45] [zLfcX#1] Илюха винлайн: healed themself
[16:32:46] [zLfcX#1] Илюха винлайн: repaired their vehicle
[16:32:46] [zLfcX#1] Илюха винлайн: healed themself
[16:32:58] [zLfcX#1] Илюха винлайн: repaired their vehicle
[16:32:58] [zLfcX#1] Илюха винлайн: healed themself
[16:33:05] [zLfcX#1] Илюха винлайн: repaired their vehicle
[16:33:05] [zLfcX#1] Илюха винлайн: healed themself
[16:33:18] [zLfcX#1] Илюха винлайн: repaired their vehicle
[16:33:18] [zLfcX#1] Илюха винлайн: healed themself
[16:33:21] [zLfcX#1] Илюха винлайн: repaired their vehicle
[16:33:21] [zLfcX#1] Илюха винлайн: healed themself
[16:33:24] [zLfcX#1] Илюха винлайн: repaired their vehicle
[16:33:24] [zLfcX#1] Илюха винлайн: healed themself
[16:33:25] [zLfcX#1] Илюха винлайн: repaired their vehicle
[16:33:25] [zLfcX#1] Илюха винлайн: healed themself
[16:39:02] [zLfcX#1] Илюха винлайн: disconnected (Server->client connection timed out. Last seen 57 msec ago.)
[16:39:39] [zLfcX#2] Илюха винлайн: joined with identifiers [license:f019…e981, discord:9178…7572, fivem:19337313, license2:f019…e981]
[16:43:39] txAdmin: Logger started
[16:44:04] [aazzP#1] Илюха винлайн: joined with identifiers [license:f019…e981, discord:9178…7572, fivem:19337313, license2:f019…e981]
[16:52:33] [aazzP#1] Илюха винлайн: enabled noclip
[16:52:37] [aazzP#1] Илюха винлайн: became mortal (standard mode)
[16:58:31] [aazzP#1] Илюха винлайн: repaired their vehicle
[16:58:31] [aazzP#1] Илюха винлайн: healed themself
[16:58:32] [aazzP#1] Илюха винлайн: repaired their vehicle
[16:58:32] [aazzP#1] Илюха винлайн: healed themself
[16:58:38] [aazzP#1] Илюха винлайн: repaired their vehicle
[16:58:38] [aazzP#1] Илюха винлайн: healed themself
[16:58:45] [aazzP#1] Илюха винлайн: repaired their vehicle
[16:58:45] [aazzP#1] Илюха винлайн: healed themself
[17:04:47] [aazzP#1] Илюха винлайн: enabled noclip
[17:04:47] [aazzP#1] Илюха винлайн: became mortal (standard mode)
[17:04:47] [aazzP#1] Илюха винлайн: enabled noclip
[17:04:55] [aazzP#1] Илюха винлайн: became mortal (standard mode)
[17:18:19] [aazzP#1] Илюха винлайн: disconnected (Disconnected.)
[17:18:51] [aazzP#2] Илюха винлайн: joined with identifiers [license:f019…e981, discord:9178…7572, fivem:19337313, license2:f019…e981]
================================================================
======== txAdmin v8.0.1 atop fxserver 25770 Starting - 04.07.2026, 17:27:50
================================================================
================================================================
======== txAdmin v8.0.1 atop fxserver 25770 Starting - 04.07.2026, 17:28:21
================================================================
[17:28:25] txAdmin: Logger started
[17:28:43] [awGB7#1] Илюха винлайн: joined with identifiers [license:f019…e981, discord:9178…7572, fivem:19337313, license2:f019…e981]
[17:36:00] [awGB7#1] Илюха винлайн: disconnected (Disconnected.)
[17:36:34] [awGB7#2] Илюха винлайн: joined with identifiers [license:f019…e981, discord:9178…7572, fivem:19337313, license2:f019…e981]
[17:36:58] [awGB7#2] Илюха винлайн: disconnected (Server->client connection timed out. Last seen 70 msec ago.)
[17:37:41] [awGB7#3] Илюха винлайн: joined with identifiers [license:f019…e981, discord:9178…7572, fivem:19337313, license2:f019…e981]
================================================================
======== txAdmin v8.0.1 atop fxserver 25770 Starting - 04.07.2026, 17:45:56
================================================================
[17:45:59] txAdmin: Logger started
[17:46:30] [fazMW#1] Илюха винлайн: joined with identifiers [license:f019…e981, discord:9178…7572, fivem:19337313, license2:f019…e981]
[17:48:10] txAdmin: Logger started
[17:48:26] [pjEai#1] Илюха винлайн: joined with identifiers [license:f019…e981, discord:9178…7572, fivem:19337313, license2:f019…e981]
[17:49:21] txAdmin: Logger started
[17:49:38] [eCUhg#1] Илюха винлайн: joined with identifiers [license:f019…e981, discord:9178…7572, fivem:19337313, license2:f019…e981]
================================================================
======== txAdmin v8.0.1 atop fxserver 25770 Starting - 04.07.2026, 17:51:54
================================================================
[17:51:57] txAdmin: Logger started
[17:52:04] [ntKLt#1] Илюха винлайн: joined with identifiers [license:f019…e981, discord:9178…7572, fivem:19337313, license2:f019…e981]
[17:53:31] [ntKLt#1] Илюха винлайн: disconnected (Exiting)
================================================================
======== txAdmin v8.0.1 atop fxserver 25770 Starting - 04.07.2026, 17:54:52
================================================================
[17:54:55] txAdmin: Logger started
[17:54:59] [nn3LF#1] Илюха винлайн: joined with identifiers [license:f019…e981, discord:9178…7572, fivem:19337313, license2:f019…e981]
[17:57:03] txAdmin: Logger started
[17:57:19] [VMbRx#1] Илюха винлайн: joined with identifiers [license:f019…e981, discord:9178…7572, fivem:19337313, license2:f019…e981]
================================================================
======== txAdmin v8.0.1 atop fxserver 25770 Starting - 04.07.2026, 18:12:01
================================================================
[18:12:03] txAdmin: Logger started
================================================================
======== txAdmin v8.0.1 atop fxserver 25770 Starting - 04.07.2026, 18:17:44
================================================================
[18:17:49] txAdmin: Logger started
================================================================
======== txAdmin v8.0.1 atop fxserver 25770 Starting - 04.07.2026, 18:21:50
================================================================
[18:21:52] txAdmin: Logger started
[18:22:16] [zLT9d#1] Илюха винлайн: joined with identifiers [license:f019…e981, discord:9178…7572, fivem:19337313, license2:f019…e981]
[18:22:46] [zLT9d#1] Илюха винлайн: enabled noclip
[18:22:47] [zLT9d#1] Илюха винлайн: became mortal (standard mode)
[18:23:00] [zLT9d#1] Илюха винлайн: repaired their vehicle
[18:23:00] [zLT9d#1] Илюха винлайн: healed themself
[18:23:02] [zLT9d#1] Илюха винлайн: enabled noclip
[18:23:05] [zLT9d#1] Илюха винлайн: became mortal (standard mode)
[18:23:05] [zLT9d#1] Илюха винлайн: repaired their vehicle
[18:23:05] [zLT9d#1] Илюха винлайн: healed themself
[18:23:07] [zLT9d#1] Илюха винлайн: repaired their vehicle
[18:23:07] [zLT9d#1] Илюха винлайн: healed themself
[18:23:43] [zLT9d#1] Илюха винлайн: healed themself
[18:24:05] [zLT9d#1] Илюха винлайн: healed themself
[18:24:05] [zLT9d#1] Илюха винлайн: died from suicide (Cougar)
[18:24:06] [zLT9d#1] Илюха винлайн: enabled noclip
[18:24:07] [zLT9d#1] Илюха винлайн: became mortal (standard mode)
[18:24:08] [zLT9d#1] Илюха винлайн: healed themself
[18:24:16] [zLT9d#1] Илюха винлайн: caused an explosion (GRENADELAUNCHER)
[18:24:25] [zLT9d#1] Илюха винлайн: caused an explosion (GRENADELAUNCHER)
[18:24:30] [zLT9d#1] Илюха винлайн: caused an explosion (ROCKET)
[18:42:49] [zLT9d#1] Илюха винлайн: repaired their vehicle
[18:42:49] [zLT9d#1] Илюха винлайн: healed themself
[18:43:16] [zLT9d#1] Илюха винлайн: enabled noclip
[18:43:27] [zLT9d#1] Илюха винлайн: became mortal (standard mode)
[18:43:40] [zLT9d#1] Илюха винлайн: enabled noclip
[18:44:01] [zLT9d#1] Илюха винлайн: became mortal (standard mode)
[18:44:04] [zLT9d#1] Илюха винлайн: repaired their vehicle
[18:44:04] [zLT9d#1] Илюха винлайн: healed themself
[18:44:49] [zLT9d#1] Илюха винлайн: enabled noclip
[18:44:54] [zLT9d#1] Илюха винлайн: became mortal (standard mode)
[18:44:59] [zLT9d#1] Илюха винлайн: repaired their vehicle
[18:44:59] [zLT9d#1] Илюха винлайн: healed themself
[18:45:38] [zLT9d#1] Илюха винлайн: repaired their vehicle
[18:45:38] [zLT9d#1] Илюха винлайн: healed themself
[18:45:44] [zLT9d#1] Илюха винлайн: enabled noclip
[18:45:45] [zLT9d#1] Илюха винлайн: became mortal (standard mode)
[18:45:49] [zLT9d#1] Илюха винлайн: repaired their vehicle
[18:45:49] [zLT9d#1] Илюха винлайн: healed themself
[18:46:18] [zLT9d#1] Илюха винлайн: said "/repair"
[18:46:23] [zLT9d#1] Илюха винлайн: said "/repair"
[18:47:14] [zLT9d#1] Илюха винлайн: said "/repair"
[18:47:31] [zLT9d#1] Илюха винлайн: said "/repair"
[18:47:39] [zLT9d#1] Илюха винлайн: said "/repair"
[18:47:45] [zLT9d#1] Илюха винлайн: said "/repair"
[18:47:47] [zLT9d#1] Илюха винлайн: repaired their vehicle
[18:47:47] [zLT9d#1] Илюха винлайн: healed themself
[18:48:03] [zLT9d#1] Илюха винлайн: said "/repair"
[18:48:42] [zLT9d#1] Илюха винлайн: repaired their vehicle
[18:48:42] [zLT9d#1] Илюха винлайн: healed themself
[18:48:48] [zLT9d#1] Илюха винлайн: repaired their vehicle
[18:48:48] [zLT9d#1] Илюха винлайн: healed themself
[18:48:52] [zLT9d#1] Илюха винлайн: repaired their vehicle
[18:48:52] [zLT9d#1] Илюха винлайн: healed themself
[18:48:59] [zLT9d#1] Илюха винлайн: repaired their vehicle
[18:48:59] [zLT9d#1] Илюха винлайн: healed themself
[18:49:03] [zLT9d#1] Илюха винлайн: repaired their vehicle
[18:49:03] [zLT9d#1] Илюха винлайн: healed themself
[18:49:55] [zLT9d#1] Илюха винлайн: repaired their vehicle
[18:49:55] [zLT9d#1] Илюха винлайн: healed themself
[18:49:58] [zLT9d#1] Илюха винлайн: repaired their vehicle
[18:49:58] [zLT9d#1] Илюха винлайн: healed themself
[18:50:00] [zLT9d#1] Илюха винлайн: enabled noclip
[18:50:14] [zLT9d#1] Илюха винлайн: became mortal (standard mode)
[18:50:33] [zLT9d#1] Илюха винлайн: repaired their vehicle
[18:50:33] [zLT9d#1] Илюха винлайн: healed themself
[18:50:48] [zLT9d#1] Илюха винлайн: repaired their vehicle
[18:50:48] [zLT9d#1] Илюха винлайн: healed themself
[18:50:50] [zLT9d#1] Илюха винлайн: repaired their vehicle
[18:50:50] [zLT9d#1] Илюха винлайн: healed themself
[18:51:13] [zLT9d#1] Илюха винлайн: repaired their vehicle
[18:51:13] [zLT9d#1] Илюха винлайн: healed themself
[18:51:38] [zLT9d#1] Илюха винлайн: repaired their vehicle
[18:51:38] [zLT9d#1] Илюха винлайн: healed themself
================================================================
======== txAdmin v8.0.1 atop fxserver 25770 Starting - 04.07.2026, 19:07:51
================================================================
[19:07:55] txAdmin: Logger started
================================================================
======== txAdmin v8.0.1 atop fxserver 25770 Starting - 04.07.2026, 19:11:18
================================================================
[19:11:23] txAdmin: Logger started
================================================================
======== txAdmin v8.0.1 atop fxserver 25770 Starting - 04.07.2026, 19:54:20
================================================================
[19:54:29] txAdmin: Logger started
================================================================
======== txAdmin v8.0.1 atop fxserver 25770 Starting - 04.07.2026, 19:55:34
================================================================
[19:55:38] txAdmin: Logger started
================================================================
======== txAdmin v8.0.1 atop fxserver 25770 Starting - 04.07.2026, 19:59:48
================================================================
[19:59:51] txAdmin: Logger started
================================================================
======== txAdmin v8.0.1 atop fxserver 25770 Starting - 04.07.2026, 20:03:03
================================================================
[20:03:06] txAdmin: Logger started
================================================================
======== txAdmin v8.0.1 atop fxserver 25770 Starting - 04.07.2026, 20:05:37
================================================================
[20:05:40] txAdmin: Logger started
[20:06:33] [DkH6G#1] Илюха винлайн: joined with identifiers [license:f019…e981, discord:9178…7572, fivem:19337313, license2:f019…e981]
[20:10:11] [DkH6G#1] Илюха винлайн: repaired their vehicle
[20:10:11] [DkH6G#1] Илюха винлайн: healed themself
[20:10:18] [DkH6G#1] Илюха винлайн: said "/speedometrs"
[20:10:25] [DkH6G#1] Илюха винлайн: said "/speedtomert"
[20:11:03] [DkH6G#1] Илюха винлайн: enabled noclip
[20:11:09] [DkH6G#1] Илюха винлайн: became mortal (standard mode)
[20:11:54] [DkH6G#1] Илюха винлайн: repaired their vehicle
[20:11:54] [DkH6G#1] Илюха винлайн: healed themself
[20:12:32] [DkH6G#1] Илюха винлайн: repaired their vehicle
[20:12:32] [DkH6G#1] Илюха винлайн: healed themself
[20:12:43] [DkH6G#1] Илюха винлайн: repaired their vehicle
[20:12:43] [DkH6G#1] Илюха винлайн: healed themself
[20:13:00] [DkH6G#1] Илюха винлайн: enabled noclip
[20:13:02] [DkH6G#1] Илюха винлайн: became mortal (standard mode)
[20:13:23] [DkH6G#1] Илюха винлайн: enabled noclip
[20:13:24] [DkH6G#1] Илюха винлайн: became mortal (standard mode)
[20:13:35] [DkH6G#1] Илюха винлайн: enabled noclip
[20:13:37] [DkH6G#1] Илюха винлайн: became mortal (standard mode)
[20:13:41] [DkH6G#1] Илюха винлайн: repaired their vehicle
[20:13:41] [DkH6G#1] Илюха винлайн: healed themself
[20:14:33] [DkH6G#1] Илюха винлайн: repaired their vehicle
[20:14:33] [DkH6G#1] Илюха винлайн: healed themself
[20:14:41] [DkH6G#1] Илюха винлайн: repaired their vehicle
[20:14:41] [DkH6G#1] Илюха винлайн: healed themself
[20:15:07] [DkH6G#1] Илюха винлайн: repaired their vehicle
[20:15:07] [DkH6G#1] Илюха винлайн: healed themself
[20:15:31] [DkH6G#1] Илюха винлайн: repaired their vehicle
[20:15:31] [DkH6G#1] Илюха винлайн: healed themself
[20:15:40] [DkH6G#1] Илюха винлайн: repaired their vehicle
[20:15:40] [DkH6G#1] Илюха винлайн: healed themself
[20:16:07] [DkH6G#1] Илюха винлайн: repaired their vehicle
[20:16:07] [DkH6G#1] Илюха винлайн: healed themself
[20:16:13] [DkH6G#1] Илюха винлайн: repaired their vehicle
[20:16:13] [DkH6G#1] Илюха винлайн: healed themself
[20:16:14] [DkH6G#1] Илюха винлайн: repaired their vehicle
[20:16:14] [DkH6G#1] Илюха винлайн: healed themself
[20:26:14] [DkH6G#1] Илюха винлайн: disconnected (Exiting)
